Microsoft HTML Help Compiler 4.74.8702

Compiling e:\book-go.CHM

hadoop\elasticsearch\elasticsearch配置.htm
hadoop\hadoop\hadoop配置与优化.htm
hadoop\hadoop\hadoop原理.htm
hadoop\hadoop\hadoop指令集.htm
hadoop\hbase\hbaseAPI.htm
hadoop\hbase\hbase配置与优化.htm
hadoop\hbase\hbase原理.htm
hadoop\hbase\hbase指令集.htm
hadoop\hbase\protocol buffer.htm
hadoop\hive\hive-client.htm
hadoop\hive\hive优化.htm
hadoop\hive\hive语法.htm
hadoop\hive\hive自定义函数.htm
hadoop\kafka\kafka概念.htm
hadoop\kafka\kafka配置.htm
hadoop\kafka\kafka指令集.htm
hadoop\kerberos\kerberos概念.htm
hadoop\kibana\kibana配置.htm
hadoop\spark\spark本地调试.htm
hadoop\yarn\yarn配置与优化.htm
hadoop\yarn\yarn调度.htm
hadoop\zookeeper\zookeeper概念.htm
hadoop\zookeeper\zookeeper指令集.htm
java\http\axis.htm
java\http\http协议.htm
java\http\java请求调用.htm
java\http\jersey.htm
java\jvm\基本原理.htm
java\log4j\log4j.htm
java\metrics\概念.htm
java\xml\解析.htm
java\基础\反射.htm
java\面试\java.htm
java\面试\jvm.htm
java\面试\大数据.htm
java\面试\分布式.htm
java\面试\系统篇.htm
HHC3004: Warning: linux命令.htm : The HTML tag "<= " is not a valid HTML tag (it does not begin with an alphanumeric character).
HHC3004: Warning: linux命令.htm : The HTML tag "堕撮撮" is not a valid HTML tag (it does not begin with an alphanumeric character).
HHC3004: Warning: linux命令.htm : The HTML tag "娆℃" is not a valid HTML tag (it does not begin with an alphanumeric character).
HHC3004: Warning: linux命令.htm : The HTML tag "="07:00:02"){print $0}}' 			</td" is not a valid HTML tag (it does not begin with an alphanumeric character).
HHC3004: Warning: linux命令.htm : The HTML tag "="07:00:02"){print $0}}' 			</td" is not a valid HTML tag (it does not begin with an alphanumeric character).
HHC3004: Warning: linux命令.htm : The HTML tag "="07:00:02"){print $0}}' 			</td" is not a valid HTML tag (it does not begin with an alphanumeric character).
HHC3004: Warning: linux命令.htm : The HTML tag "="07:00:02"){print $0}}' 			</td" is not a valid HTML tag (it does not begin with an alphanumeric character).
HHC3004: Warning: linux命令.htm : The HTML tag "="07:00:02"){print $0}}' 			</td" is not a valid HTML tag (it does not begin with an alphanumeric character).
os\linux\linux命令.htm
HHC3004: Warning: shell.htm : The HTML tag "=4;i++))<br/" is not a valid HTML tag (it does not begin with an alphanumeric character).
os\linux\shell.htm
os\linux\产品指令.htm
os\linux\排障.htm
os\windows\windows命令.htm
HHC5003: Error: Compilation failed while compiling other\axis2.rar.
other\explore.client.js
other\inputdata.sql
other\jquery.scrollLoading.js
other\jquery-1.7.2.js
other\json2.js
other\Procedures.sql
HHC5003: Error: Compilation failed while compiling other\processBar.rar.
HHC5003: Error: Compilation failed while compiling other\Spring定时任务管理说明.doc.
HHC5003: Error: Compilation failed while compiling other\struts-default.xml.
HHC5003: Error: Compilation failed while compiling other\study.sh.
other\utils.js
HHC5003: Error: Compilation failed while compiling other\即时类媒体接入客服系统定制指南.doc.
HHC5003: Error: Compilation failed while compiling other\业软公共 提高培训 TopEng-CSP dwr 培训胶片V1.0.ppt.
ruby\puppet\puppet.htm
产品\ambari.htm
产品\JetBrain.htm
工具\utils.htm
前端\ajax\ajax.html
前端\ajax\dwr.html
前端\ajax\jquery ajax.html
前端\emberJs\emberJs.htm
前端\javascript\js插件.htm
前端\javascript\js基础.htm
数据库\database.htm
数据库\mysql\mysql高级篇.htm
数据库\mysql\mysql基础篇.htm
HHC3004: Warning: oracle高级篇.html : The HTML tag "<=   =   " is not a valid HTML tag (it does not begin with an alphanumeric character).
HHC1000: Note: oracle高级篇.html : An empty HTML tag has been used.
数据库\oracle\oracle高级篇.html
数据库\oracle\oracle工具篇.html
数据库\oracle\oracle基础篇.htm
HHC1000: Note: oracle优化篇.html : An empty HTML tag has been used.
HHC1000: Note: oracle优化篇.html : An empty HTML tag has been used.
数据库\oracle\oracle优化篇.html
HHC3004: Warning: redis高级篇.htm : The HTML tag "=0存ユ锛					</li" is not a valid HTML tag (it does not begin with an alphanumeric character).
数据库\redis\redis高级篇.htm
数据库\redis\redis基础篇.htm
数据库\redis\redis命令行.htm
算法\分流算法.htm
资料网址.htm
TOC-Created-By-Easy-CHM.HHC
java\jvm\jvm.jpg
java\面试\mianshi\hashmap.jpg
java\面试\mianshi\threadstats.png
java\面试\mianshi\jvm_heap.jpg
java\面试\mianshi\GCpic.jpg
other\css.js
other\UDFDemo.zip
other\UDTFDemo.zip
other\shell\study.sh
other\shell\initUser.sh
other\shell\log.sh
other\shell\thread_jstack.sh
other\emberJS.txt
other\Logger.js


The following files were not compiled:
other\axis2.rar
other\processBar.rar
other\Spring定时任务管理说明.doc
other\struts-default.xml
other\study.sh
other\即时类媒体接入客服系统定制指南.doc
other\业软公共 提高培训 TopEng-CSP dwr 培训胶片V1.0.ppt
